E, [2016-09-04T13:47:27.339770 #3736] ERROR -- Kitchen: ------Exception-------
E, [2016-09-04T13:47:27.339849 #3736] ERROR -- Kitchen: Class: Kitchen::UserError
E, [2016-09-04T13:47:27.339865 #3736] ERROR -- Kitchen: Message: Kitchen YAML file /Users/mrincodi/Documents/learn_chef/jenkins-slave-junit/recipes/.kitchen.yml does not exist.
E, [2016-09-04T13:47:27.339877 #3736] ERROR -- Kitchen: ----------------------
E, [2016-09-04T13:47:27.339911 #3736] ERROR -- Kitchen: ------Backtrace-------
E, [2016-09-04T13:47:27.339920 #3736] ERROR -- Kitchen: /opt/chefdk/embedded/lib/ruby/gems/2.1.0/gems/test-kitchen-1.10.2/lib/kitchen/loader/yaml.rb:74:in `read'
E, [2016-09-04T13:47:27.339930 #3736] ERROR -- Kitchen: /opt/chefdk/embedded/lib/ruby/gems/2.1.0/gems/test-kitchen-1.10.2/lib/kitchen/config.rb:154:in `data'
E, [2016-09-04T13:47:27.339939 #3736] ERROR -- Kitchen: /opt/chefdk/embedded/lib/ruby/gems/2.1.0/gems/test-kitchen-1.10.2/lib/kitchen/config.rb:133:in `suites'
E, [2016-09-04T13:47:27.339957 #3736] ERROR -- Kitchen: /opt/chefdk/embedded/lib/ruby/gems/2.1.0/gems/test-kitchen-1.10.2/lib/kitchen/config.rb:184:in `filter_instances'
E, [2016-09-04T13:47:27.339969 #3736] ERROR -- Kitchen: /opt/chefdk/embedded/lib/ruby/gems/2.1.0/gems/test-kitchen-1.10.2/lib/kitchen/config.rb:143:in `build_instances'
E, [2016-09-04T13:47:27.339978 #3736] ERROR -- Kitchen: /opt/chefdk/embedded/lib/ruby/gems/2.1.0/gems/test-kitchen-1.10.2/lib/kitchen/config.rb:119:in `instances'
E, [2016-09-04T13:47:27.339987 #3736] ERROR -- Kitchen: /opt/chefdk/embedded/lib/ruby/gems/2.1.0/gems/test-kitchen-1.10.2/lib/kitchen/command.rb:115:in `filtered_instances'
E, [2016-09-04T13:47:27.339996 #3736] ERROR -- Kitchen: /opt/chefdk/embedded/lib/ruby/gems/2.1.0/gems/test-kitchen-1.10.2/lib/kitchen/command.rb:145:in `parse_subcommand'
E, [2016-09-04T13:47:27.340004 #3736] ERROR -- Kitchen: /opt/chefdk/embedded/lib/ruby/gems/2.1.0/gems/test-kitchen-1.10.2/lib/kitchen/command/login.rb:32:in `call'
E, [2016-09-04T13:47:27.340013 #3736] ERROR -- Kitchen: /opt/chefdk/embedded/lib/ruby/gems/2.1.0/gems/test-kitchen-1.10.2/lib/kitchen/cli.rb:56:in `perform'
E, [2016-09-04T13:47:27.340022 #3736] ERROR -- Kitchen: /opt/chefdk/embedded/lib/ruby/gems/2.1.0/gems/test-kitchen-1.10.2/lib/kitchen/cli.rb:238:in `login'
E, [2016-09-04T13:47:27.340030 #3736] ERROR -- Kitchen: /opt/chefdk/embedded/lib/ruby/gems/2.1.0/gems/thor-0.19.1/lib/thor/command.rb:27:in `run'
E, [2016-09-04T13:47:27.340040 #3736] ERROR -- Kitchen: /opt/chefdk/embedded/lib/ruby/gems/2.1.0/gems/thor-0.19.1/lib/thor/invocation.rb:126:in `invoke_command'
E, [2016-09-04T13:47:27.340050 #3736] ERROR -- Kitchen: /opt/chefdk/embedded/lib/ruby/gems/2.1.0/gems/test-kitchen-1.10.2/lib/kitchen/cli.rb:325:in `invoke_task'
E, [2016-09-04T13:47:27.340059 #3736] ERROR -- Kitchen: /opt/chefdk/embedded/lib/ruby/gems/2.1.0/gems/thor-0.19.1/lib/thor.rb:359:in `dispatch'
E, [2016-09-04T13:47:27.340068 #3736] ERROR -- Kitchen: /opt/chefdk/embedded/lib/ruby/gems/2.1.0/gems/thor-0.19.1/lib/thor/base.rb:440:in `start'
E, [2016-09-04T13:47:27.340076 #3736] ERROR -- Kitchen: /opt/chefdk/embedded/lib/ruby/gems/2.1.0/gems/test-kitchen-1.10.2/bin/kitchen:13:in `block in <top (required)>'
E, [2016-09-04T13:47:27.340085 #3736] ERROR -- Kitchen: /opt/chefdk/embedded/lib/ruby/gems/2.1.0/gems/test-kitchen-1.10.2/lib/kitchen/errors.rb:174:in `with_friendly_errors'
E, [2016-09-04T13:47:27.340093 #3736] ERROR -- Kitchen: /opt/chefdk/embedded/lib/ruby/gems/2.1.0/gems/test-kitchen-1.10.2/bin/kitchen:13:in `<top (required)>'
E, [2016-09-04T13:47:27.340119 #3736] ERROR -- Kitchen: /usr/local/bin/kitchen:17:in `load'
E, [2016-09-04T13:47:27.340128 #3736] ERROR -- Kitchen: /usr/local/bin/kitchen:17:in `<main>'
E, [2016-09-04T13:47:27.340136 #3736] ERROR -- Kitchen: ----End Backtrace-----
